 FIELD PLAN FOR ALPHA LATTICE DESIGN,200 TRTS,  2 REPS  FILE alpha.DGN   26/ 3/15 12:21
 --------------------------------------------------------------------------- :PAGE   1
 TRIAL DESCRIPTION: ALPHA                                                                   
 TRIAL NUMBER:  1                     SITE.........................        RANDOM SEED  124171

 FIELD PLAN FOR  2 REPS OF 200 TREATMENTS IN 20 BLOCKS/REP OF 10 PLOTS/BLOCK
 EFFICIENCY:  0.8248(100.0%), MAXIMUM CONCURANCE:  1

 REP   1 (CELLS CONTAIN PLOT NUMBERS ON TOP, TREATMENTS BELOW)
 PLT   1|  2|  3|  4|  5|  6|  7|  8|  9| 10|
 BLK ---|---|---|---|---|---|---|---|---|---|
    |  1|  2|  3|  4|  5|  6|  7|  8|  9| 10|
   1|101| 92| 42|140|130| 80|176| 38|165| 64|
    |---|---|---|---|---|---|---|---|---|---|
    | 11| 12| 13| 14| 15| 16| 17| 18| 19| 20|
   2| 45| 52| 84| 56|163|179|118| 30|145|158|
    |---|---|---|---|---|---|---|---|---|---|
    | 21| 22| 23| 24| 25| 26| 27| 28| 29| 30|
   3| 83| 29| 89|  7| 44|141| 72|168| 51|122|
    |---|---|---|---|---|---|---|---|---|---|
    | 31| 32| 33| 34| 35| 36| 37| 38| 39| 40|
   4|172| 41|194| 54|187| 53|100| 39| 31|131|
    |---|---|---|---|---|---|---|---|---|---|
    | 41| 42| 43| 44| 45| 46| 47| 48| 49| 50|
   5|  1|128|109|123|160|184|107|166|  4| 33|
    |---|---|---|---|---|---|---|---|---|---|
    | 51| 52| 53| 54| 55| 56| 57| 58| 59| 60|
   6| 12| 78| 11| 50| 76| 88| 20| 27|  5| 26|
    |---|---|---|---|---|---|---|---|---|---|
    | 61| 62| 63| 64| 65| 66| 67| 68| 69| 70|
   7|116| 35| 24|134|161|112|189|102|169|190|
    |---|---|---|---|---|---|---|---|---|---|
    | 71| 72| 73| 74| 75| 76| 77| 78| 79| 80|
   8|149|199| 58| 61|170| 71|150|146| 93| 36|
    |---|---|---|---|---|---|---|---|---|---|
    | 81| 82| 83| 84| 85| 86| 87| 88| 89| 90|
   9|171| 28|117|  9|115|153| 69|185|155|154|
    |---|---|---|---|---|---|---|---|---|---|
    | 91| 92| 93| 94| 95| 96| 97| 98| 99|100|
  10| 22| 16|104|177| 40|198| 55| 94|  2|114|
    |---|---|---|---|---|---|---|---|---|---|
    |101|102|103|104|105|106|107|108|109|110|
  11| 47|147| 91| 15|108| 17| 14|164|167|  3|
    |---|---|---|---|---|---|---|---|---|---|
    |111|112|113|114|115|116|117|118|119|120|
  12|126| 57|200| 90| 13| 96| 37|193|  6| 95|
    |---|---|---|---|---|---|---|---|---|---|
    |121|122|123|124|125|126|127|128|129|130|
  13|111| 85| 21| 48| 63| 81| 32| 66|196|119|
    |---|---|---|---|---|---|---|---|---|---|
    |131|132|133|134|135|136|137|138|139|140|
  14| 68|186|148|162|133|197|129|105| 86|124|
    |---|---|---|---|---|---|---|---|---|---|
    |141|142|143|144|145|146|147|148|149|150|
  15| 23|132|125|127|188|137|180|103| 49|159|
    |---|---|---|---|---|---|---|---|---|---|
    |151|152|153|154|155|156|157|158|159|160|
  16|195| 46|106| 74|178|113|143| 79|139| 19|
    |---|---|---|---|---|---|---|---|---|---|
    |161|162|163|164|165|166|167|168|169|170|
  17| 77| 34|191|135|174|144|175| 59|192| 70|
    |---|---|---|---|---|---|---|---|---|---|
    |171|172|173|174|175|176|177|178|179|180|
  18|181| 99| 65| 82|142|157| 67| 75| 87|110|
    |---|---|---|---|---|---|---|---|---|---|
    |181|182|183|184|185|186|187|188|189|190|
  19| 73|138|156| 18| 10| 60|183| 97|  8| 25|
    |---|---|---|---|---|---|---|---|---|---|
    |191|192|193|194|195|196|197|198|199|200|
  20| 62|136|152| 98|173|121| 43|182|120|151|
    |---|---|---|---|---|---|---|---|---|---|

 REP   2 (CELLS CONTAIN PLOT NUMBERS ON TOP, TREATMENTS BELOW)
 PLT   1|  2|  3|  4|  5|  6|  7|  8|  9| 10|
 BLK ---|---|---|---|---|---|---|---|---|---|
    |201|202|203|204|205|206|207|208|209|210|
   1| 53|134|139|101|157|135| 95|186| 60| 30|
    |---|---|---|---|---|---|---|---|---|---|
    |211|212|213|214|215|216|217|218|219|220|
   2|107|110| 89|163| 70| 36| 16|187| 46|155|
    |---|---|---|---|---|---|---|---|---|---|
    |221|222|223|224|225|226|227|228|229|230|
   3|177|126|164|175| 52| 23| 82|121| 12|199|
    |---|---|---|---|---|---|---|---|---|---|
    |231|232|233|234|235|236|237|238|239|240|
   4|190| 57| 33|136| 32|174| 86|145|117|188|
    |---|---|---|---|---|---|---|---|---|---|
    |241|242|243|244|245|246|247|248|249|250|
   5|133| 42|191|119| 27|178|108|198|193| 51|
    |---|---|---|---|---|---|---|---|---|---|
    |251|252|253|254|255|256|257|258|259|260|
   6| 22| 13| 41|  8|162| 87|149|  9| 85| 88|
    |---|---|---|---|---|---|---|---|---|---|
    |261|262|263|264|265|266|267|268|269|270|
   7|147| 74| 63|169| 44| 37|180| 28| 54|146|
    |---|---|---|---|---|---|---|---|---|---|
    |271|272|273|274|275|276|277|278|279|280|
   8|154|132|176| 59|152| 10|170|113|102|  2|
    |---|---|---|---|---|---|---|---|---|---|
    |281|282|283|284|285|286|287|288|289|290|
   9| 96|118|165| 31|173|109| 61| 11| 81|195|
    |---|---|---|---|---|---|---|---|---|---|
    |291|292|293|294|295|296|297|298|299|300|
  10| 78|159|142| 77|124|172|115|  7| 62| 64|
    |---|---|---|---|---|---|---|---|---|---|
    |301|302|303|304|305|306|307|308|309|310|
  11| 65| 49| 73| 58|111| 38| 84| 50|112| 83|
    |---|---|---|---|---|---|---|---|---|---|
    |311|312|313|314|315|316|317|318|319|320|
  12|171|156|200|167| 29|184|137| 45| 94|130|
    |---|---|---|---|---|---|---|---|---|---|
    |321|322|323|324|325|326|327|328|329|330|
  13|  1|  5|185| 79| 25|196| 24| 91|192| 75|
    |---|---|---|---|---|---|---|---|---|---|
    |331|332|333|334|335|336|337|338|339|340|
  14|127|128| 92| 97|105| 71| 66|144|100| 15|
    |---|---|---|---|---|---|---|---|---|---|
    |341|342|343|344|345|346|347|348|349|350|
  15| 35| 17| 39| 40| 56|125|129|123|143| 20|
    |---|---|---|---|---|---|---|---|---|---|
    |351|352|353|354|355|356|357|358|359|360|
  16|181|189|182|179|194| 55| 14| 48|140| 69|
    |---|---|---|---|---|---|---|---|---|---|
    |361|362|363|364|365|366|367|368|369|370|
  17|116| 72|114| 43|131| 26| 34|  6| 18|  4|
    |---|---|---|---|---|---|---|---|---|---|
    |371|372|373|374|375|376|377|378|379|380|
  18| 19|158|148| 47| 98|150|183| 76|153|168|
    |---|---|---|---|---|---|---|---|---|---|
    |381|382|383|384|385|386|387|388|389|390|
  19|151|138| 99|197|103| 21|122|106|166|104|
    |---|---|---|---|---|---|---|---|---|---|
    |391|392|393|394|395|396|397|398|399|400|
  20| 90|160| 80|  3|120| 67|141| 93|161| 68|
    |---|---|---|---|---|---|---|---|---|---|
TREATMENT KEY FOR ALPHA LATTICE DESIGN,200 TRTS,  2 REPS  FILE alpha.DGN   26/ 3/15 12:21
 ------------------------------------------------------------------------------ :PAGE   2
 TRIAL DESCRIPTION: ALPHA                                                                   
 TRIAL NUMBER:  1                     SITE.........................        RANDOM SEED  124171


                                REP 1   REP 2
  TRT                           PLOT    PLOT   
    1 ......................      41     321
    2 ......................      99     280
    3 ......................     110     394
    4 ......................      49     370
    5 ......................      59     322
    6 ......................     119     368
    7 ......................      24     298
    8 ......................     189     254
    9 ......................      84     258
   10 ......................     185     276
   11 ......................      53     288
   12 ......................      51     229
   13 ......................     115     252
   14 ......................     107     357
   15 ......................     104     340
   16 ......................      92     217
   17 ......................     106     342
   18 ......................     184     369
   19 ......................     160     371
   20 ......................      57     350
   21 ......................     123     386
   22 ......................      91     251
   23 ......................     141     226
   24 ......................      63     327
   25 ......................     190     325
   26 ......................      60     366
   27 ......................      58     245
   28 ......................      82     268
   29 ......................      22     315
   30 ......................      18     210
   31 ......................      39     284
   32 ......................     127     235
   33 ......................      50     233
   34 ......................     162     367
   35 ......................      62     341
   36 ......................      80     216
   37 ......................     117     266
   38 ......................       8     306
   39 ......................      38     343
   40 ......................      95     344
   41 ......................      32     253
   42 ......................       3     242
   43 ......................     197     364
   44 ......................      25     265
   45 ......................      11     318
   46 ......................     152     219
   47 ......................     101     374
   48 ......................     124     358
   49 ......................     149     302
   50 ......................      54     308
   51 ......................      29     250
   52 ......................      12     225
   53 ......................      36     201
   54 ......................      34     269
   55 ......................      97     356
   56 ......................      14     345
   57 ......................     112     232
   58 ......................      73     304
   59 ......................     168     274
   60 ......................     186     209
   61 ......................      74     287
   62 ......................     191     299
   63 ......................     125     263
   64 ......................      10     300
   65 ......................     173     301
   66 ......................     128     337
   67 ......................     177     396
   68 ......................     131     400
   69 ......................      87     360
   70 ......................     170     215
   71 ......................      76     336
   72 ......................      27     362
   73 ......................     181     303
   74 ......................     154     262
   75 ......................     178     330
   76 ......................      55     378
   77 ......................     161     294
   78 ......................      52     291
   79 ......................     158     324
   80 ......................       6     393
   81 ......................     126     289
   82 ......................     174     227
   83 ......................      21     310
   84 ......................      13     307
   85 ......................     122     259
   86 ......................     139     237
   87 ......................     179     256
   88 ......................      56     260
   89 ......................      23     213
   90 ......................     114     391
   91 ......................     103     328
   92 ......................       2     333
   93 ......................      79     398
   94 ......................      98     319
   95 ......................     120     207
   96 ......................     116     281
   97 ......................     188     334
   98 ......................     194     375
   99 ......................     172     383
  100 ......................      37     339
  101 ......................       1     204
  102 ......................      68     279
  103 ......................     148     385
  104 ......................      93     390
  105 ......................     138     335
  106 ......................     153     388
  107 ......................      47     211
  108 ......................     105     247
  109 ......................      43     286
  110 ......................     180     212
  111 ......................     121     305
  112 ......................      66     309
  113 ......................     156     278
  114 ......................     100     363
  115 ......................      85     297
  116 ......................      61     361
  117 ......................      83     239
  118 ......................      17     282
  119 ......................     130     244
  120 ......................     199     395
  121 ......................     196     228
  122 ......................      30     387
  123 ......................      44     348
  124 ......................     140     295
  125 ......................     143     346
  126 ......................     111     222
  127 ......................     144     331
  128 ......................      42     332
  129 ......................     137     347
  130 ......................       5     320
  131 ......................      40     365
  132 ......................     142     272
  133 ......................     135     241
  134 ......................      64     202
  135 ......................     164     206
  136 ......................     192     234
  137 ......................     146     317
  138 ......................     182     382
  139 ......................     159     203
  140 ......................       4     359
  141 ......................      26     397
  142 ......................     175     293
  143 ......................     157     349
  144 ......................     166     338
  145 ......................      19     238
  146 ......................      78     270
  147 ......................     102     261
  148 ......................     133     373
  149 ......................      71     257
  150 ......................      77     376
  151 ......................     200     381
  152 ......................     193     275
  153 ......................      86     379
  154 ......................      90     271
  155 ......................      89     220
  156 ......................     183     312
  157 ......................     176     205
  158 ......................      20     372
  159 ......................     150     292
  160 ......................      45     392
  161 ......................      65     399
  162 ......................     134     255
  163 ......................      15     214
  164 ......................     108     223
  165 ......................       9     283
  166 ......................      48     389
  167 ......................     109     314
  168 ......................      28     380
  169 ......................      69     264
  170 ......................      75     277
  171 ......................      81     311
  172 ......................      31     296
  173 ......................     195     285
  174 ......................     165     236
  175 ......................     167     224
  176 ......................       7     273
  177 ......................      94     221
  178 ......................     155     246
  179 ......................      16     354
  180 ......................     147     267
  181 ......................     171     351
  182 ......................     198     353
  183 ......................     187     377
  184 ......................      46     316
  185 ......................      88     323
  186 ......................     132     208
  187 ......................      35     218
  188 ......................     145     240
  189 ......................      67     352
  190 ......................      70     231
  191 ......................     163     243
  192 ......................     169     329
  193 ......................     118     249
  194 ......................      33     355
  195 ......................     151     290
  196 ......................     129     326
  197 ......................     136     384
  198 ......................      96     248
  199 ......................      72     230
  200 ......................     113     313
