 FIELD PLAN FOR LATTICE DESIGN, 64 TRTS,  3 REPS  FILE LATBLK.DGN   11/ 3/15 14:12
 ---------------------------------------------------------------------- :PAGE   1
 TRIAL DESCRIPTION: LATBLK                                                                  
 TRIAL NUMBER:  1                     SITE.........................        RANDOM SEED    1524


 REP   1 (CELLS CONTAIN PLOT NUMBERS ON TOP, TREATMENTS BELOW)
 PLT   1|  2|  3|  4|  5|  6|  7|  8|
 BLK ---|---|---|---|---|---|---|---|
    |  1|  2|  3|  4|  5|  6|  7|  8|
   1|  5| 51| 16| 39| 34|  7| 40| 24|
    |---|---|---|---|---|---|---|---|
    |  9| 10| 11| 12| 13| 14| 15| 16|
   2|  9| 61| 41|  2| 47| 32| 17| 58|
    |---|---|---|---|---|---|---|---|
    | 17| 18| 19| 20| 21| 22| 23| 24|
   3| 50| 60| 10| 29| 23| 36| 11| 18|
    |---|---|---|---|---|---|---|---|
    | 25| 26| 27| 28| 29| 30| 31| 32|
   4| 38| 42| 22| 15|  1| 46| 26|  4|
    |---|---|---|---|---|---|---|---|
    | 33| 34| 35| 36| 37| 38| 39| 40|
   5|  6| 53| 31| 57| 63| 49| 48| 13|
    |---|---|---|---|---|---|---|---|
    | 41| 42| 43| 44| 45| 46| 47| 48|
   6| 25| 20| 52| 59| 56| 19| 45| 35|
    |---|---|---|---|---|---|---|---|
    | 49| 50| 51| 52| 53| 54| 55| 56|
   7|  8| 64| 44| 28| 21| 43| 62| 12|
    |---|---|---|---|---|---|---|---|
    | 57| 58| 59| 60| 61| 62| 63| 64|
   8| 55|  3| 37| 27| 33| 54| 30| 14|
    |---|---|---|---|---|---|---|---|

 REP   2 (CELLS CONTAIN PLOT NUMBERS ON TOP, TREATMENTS BELOW)
 PLT   1|  2|  3|  4|  5|  6|  7|  8|
 BLK ---|---|---|---|---|---|---|---|
    | 65| 66| 67| 68| 69| 70| 71| 72|
   1| 16| 31| 52| 36| 37| 28| 46| 41|
    |---|---|---|---|---|---|---|---|
    | 73| 74| 75| 76| 77| 78| 79| 80|
   2| 42| 29| 20| 13| 62|  5| 58| 33|
    |---|---|---|---|---|---|---|---|
    | 81| 82| 83| 84| 85| 86| 87| 88|
   3| 17| 57| 51| 19| 21| 27|  4| 11|
    |---|---|---|---|---|---|---|---|
    | 89| 90| 91| 92| 93| 94| 95| 96|
   4| 12|  9| 18| 38| 55| 24| 63| 59|
    |---|---|---|---|---|---|---|---|
    | 97| 98| 99|100|101|102|103|104|
   5| 30| 44| 39| 26| 10| 49|  2| 35|
    |---|---|---|---|---|---|---|---|
    |105|106|107|108|109|110|111|112|
   6| 15| 47| 34|  6| 50|  8| 25| 54|
    |---|---|---|---|---|---|---|---|
    |113|114|115|116|117|118|119|120|
   7| 32| 60|  7| 22| 64| 48| 56|  3|
    |---|---|---|---|---|---|---|---|
    |121|122|123|124|125|126|127|128|
   8| 40| 45| 61|  1| 23| 14| 53| 43|
    |---|---|---|---|---|---|---|---|

 REP   3 (CELLS CONTAIN PLOT NUMBERS ON TOP, TREATMENTS BELOW)
 PLT   1|  2|  3|  4|  5|  6|  7|  8|
 BLK ---|---|---|---|---|---|---|---|
    |129|130|131|132|133|134|135|136|
   1| 32| 24| 14| 21| 13| 25| 36| 26|
    |---|---|---|---|---|---|---|---|
    |137|138|139|140|141|142|143|144|
   2| 29| 38| 17| 31| 54| 39| 64| 45|
    |---|---|---|---|---|---|---|---|
    |145|146|147|148|149|150|151|152|
   3|  8|  3| 10|  5| 63| 61| 46| 19|
    |---|---|---|---|---|---|---|---|
    |153|154|155|156|157|158|159|160|
   4| 12| 20| 23| 37| 51|  6|  2| 22|
    |---|---|---|---|---|---|---|---|
    |161|162|163|164|165|166|167|168|
   5| 52| 50|  7| 33| 53|  4|  9| 44|
    |---|---|---|---|---|---|---|---|
    |169|170|171|172|173|174|175|176|
   6| 11| 55| 28| 15| 58| 35| 40| 48|
    |---|---|---|---|---|---|---|---|
    |177|178|179|180|181|182|183|184|
   7| 42| 18| 16| 43| 27| 56| 49| 47|
    |---|---|---|---|---|---|---|---|
    |185|186|187|188|189|190|191|192|
   8| 41| 57| 59| 34| 62| 30| 60|  1|
    |---|---|---|---|---|---|---|---|
TREATMENT KEY FOR LATTICE DESIGN, 64 TRTS,  3 REPS  FILE LATBLK.DGN   11/ 3/15 14:12
 ------------------------------------------------------------------------- :PAGE   2
 TRIAL DESCRIPTION: LATBLK                                                                  
 TRIAL NUMBER:  1                     SITE.........................        RANDOM SEED    1524


                                REP 1   REP 2   REP 3
  TRT                           PLOT    PLOT    PLOT   
    1 ......................      29     124     192
    2 ......................      12     103     159
    3 ......................      58     120     146
    4 ......................      32      87     166
    5 ......................       1      78     148
    6 ......................      33     108     158
    7 ......................       6     115     163
    8 ......................      49     110     145
    9 ......................       9      90     167
   10 ......................      19     101     147
   11 ......................      23      88     169
   12 ......................      56      89     153
   13 ......................      40      76     133
   14 ......................      64     126     131
   15 ......................      28     105     172
   16 ......................       3      65     179
   17 ......................      15      81     139
   18 ......................      24      91     178
   19 ......................      46      84     152
   20 ......................      42      75     154
   21 ......................      53      85     132
   22 ......................      27     116     160
   23 ......................      21     125     155
   24 ......................       8      94     130
   25 ......................      41     111     134
   26 ......................      31     100     136
   27 ......................      60      86     181
   28 ......................      52      70     171
   29 ......................      20      74     137
   30 ......................      63      97     190
   31 ......................      35      66     140
   32 ......................      14     113     129
   33 ......................      61      80     164
   34 ......................       5     107     188
   35 ......................      48     104     174
   36 ......................      22      68     135
   37 ......................      59      69     156
   38 ......................      25      92     138
   39 ......................       4      99     142
   40 ......................       7     121     175
   41 ......................      11      72     185
   42 ......................      26      73     177
   43 ......................      54     128     180
   44 ......................      51      98     168
   45 ......................      47     122     144
   46 ......................      30      71     151
   47 ......................      13     106     184
   48 ......................      39     118     176
   49 ......................      38     102     183
   50 ......................      17     109     162
   51 ......................       2      83     157
   52 ......................      43      67     161
   53 ......................      34     127     165
   54 ......................      62     112     141
   55 ......................      57      93     170
   56 ......................      45     119     182
   57 ......................      36      82     186
   58 ......................      16      79     173
   59 ......................      44      96     187
   60 ......................      18     114     191
   61 ......................      10     123     150
   62 ......................      55      77     189
   63 ......................      37      95     149
   64 ......................      50     117     143
FIELD PLAN FOR LATTICE DESIGN, 64 TRTS,  3 REPS  FILE LATBLK.DGN   11/ 3/15 14:12
 ---------------------------------------------------------------------- :PAGE   3
 TRIAL DESCRIPTION: LATBLK                                                                  
 TRIAL NUMBER:  2                     SITE.........................        RANDOM SEED    1524


 REP   1 (CELLS CONTAIN PLOT NUMBERS ON TOP, TREATMENTS BELOW)
 PLT   1|  2|  3|  4|  5|  6|  7|  8|
 BLK ---|---|---|---|---|---|---|---|
    |  1|  2|  3|  4|  5|  6|  7|  8|
   1| 31| 33| 49| 25| 62| 22|  7| 54|
    |---|---|---|---|---|---|---|---|
    |  9| 10| 11| 12| 13| 14| 15| 16|
   2| 43| 13| 50| 40| 17| 30| 63| 19|
    |---|---|---|---|---|---|---|---|
    | 17| 18| 19| 20| 21| 22| 23| 24|
   3| 14|  4| 57|  9| 12| 44|  8| 35|
    |---|---|---|---|---|---|---|---|
    | 25| 26| 27| 28| 29| 30| 31| 32|
   4| 34| 28| 16|  2| 59| 18| 64|  6|
    |---|---|---|---|---|---|---|---|
    | 33| 34| 35| 36| 37| 38| 39| 40|
   5| 52| 41| 58| 48| 29| 21| 26| 61|
    |---|---|---|---|---|---|---|---|
    | 41| 42| 43| 44| 45| 46| 47| 48|
   6| 10| 37| 53| 24|  3| 42| 45| 32|
    |---|---|---|---|---|---|---|---|
    | 49| 50| 51| 52| 53| 54| 55| 56|
   7| 15| 56| 36|  1| 38| 20| 60| 51|
    |---|---|---|---|---|---|---|---|
    | 57| 58| 59| 60| 61| 62| 63| 64|
   8| 11| 55| 47| 23| 39|  5| 27| 46|
    |---|---|---|---|---|---|---|---|

 REP   2 (CELLS CONTAIN PLOT NUMBERS ON TOP, TREATMENTS BELOW)
 PLT   1|  2|  3|  4|  5|  6|  7|  8|
 BLK ---|---|---|---|---|---|---|---|
    | 65| 66| 67| 68| 69| 70| 71| 72|
   1|  4| 34| 38| 29| 37|  5| 19| 31|
    |---|---|---|---|---|---|---|---|
    | 73| 74| 75| 76| 77| 78| 79| 80|
   2| 24| 49| 17|  2| 20| 41| 44| 46|
    |---|---|---|---|---|---|---|---|
    | 81| 82| 83| 84| 85| 86| 87| 88|
   3| 58| 50| 15| 59| 22| 32| 47| 57|
    |---|---|---|---|---|---|---|---|
    | 89| 90| 91| 92| 93| 94| 95| 96|
   4| 51| 40| 10| 48| 33| 35| 55| 18|
    |---|---|---|---|---|---|---|---|
    | 97| 98| 99|100|101|102|103|104|
   5| 56|  8| 25| 42| 64| 43| 23| 52|
    |---|---|---|---|---|---|---|---|
    |105|106|107|108|109|110|111|112|
   6| 30|  3| 54|  9| 28| 36| 39| 61|
    |---|---|---|---|---|---|---|---|
    |113|114|115|116|117|118|119|120|
   7| 14| 45|  6| 62| 11| 13| 26| 60|
    |---|---|---|---|---|---|---|---|
    |121|122|123|124|125|126|127|128|
   8|  1| 16|  7| 53| 27| 63| 21| 12|
    |---|---|---|---|---|---|---|---|

 REP   3 (CELLS CONTAIN PLOT NUMBERS ON TOP, TREATMENTS BELOW)
 PLT   1|  2|  3|  4|  5|  6|  7|  8|
 BLK ---|---|---|---|---|---|---|---|
    |129|130|131|132|133|134|135|136|
   1| 53| 43| 62| 44| 58| 28| 55| 38|
    |---|---|---|---|---|---|---|---|
    |137|138|139|140|141|142|143|144|
   2| 17| 34| 36| 45|  8| 48| 47|  7|
    |---|---|---|---|---|---|---|---|
    |145|146|147|148|149|150|151|152|
   3| 16| 35| 46| 60| 52| 31|  3| 50|
    |---|---|---|---|---|---|---|---|
    |153|154|155|156|157|158|159|160|
   4|  2| 10| 56| 22|  9| 27| 26| 19|
    |---|---|---|---|---|---|---|---|
    |161|162|163|164|165|166|167|168|
   5| 21|  4| 64| 33| 20| 30| 32| 11|
    |---|---|---|---|---|---|---|---|
    |169|170|171|172|173|174|175|176|
   6| 57| 37| 40|  1|  6| 41| 54| 23|
    |---|---|---|---|---|---|---|---|
    |177|178|179|180|181|182|183|184|
   7|  5| 51| 61| 14| 59| 63| 42| 49|
    |---|---|---|---|---|---|---|---|
    |185|186|187|188|189|190|191|192|
   8| 13| 24| 18| 39| 29| 15| 12| 25|
    |---|---|---|---|---|---|---|---|
TREATMENT KEY FOR LATTICE DESIGN, 64 TRTS,  3 REPS  FILE LATBLK.DGN   11/ 3/15 14:12
 ------------------------------------------------------------------------- :PAGE   4
 TRIAL DESCRIPTION: LATBLK                                                                  
 TRIAL NUMBER:  2                     SITE.........................        RANDOM SEED    1524


                                REP 1   REP 2   REP 3
  TRT                           PLOT    PLOT    PLOT   
    1 ......................      52     121     172
    2 ......................      28      76     153
    3 ......................      45     106     151
    4 ......................      18      65     162
    5 ......................      62      70     177
    6 ......................      32     115     173
    7 ......................       7     123     144
    8 ......................      23      98     141
    9 ......................      20     108     157
   10 ......................      41      91     154
   11 ......................      57     117     168
   12 ......................      21     128     191
   13 ......................      10     118     185
   14 ......................      17     113     180
   15 ......................      49      83     190
   16 ......................      27     122     145
   17 ......................      13      75     137
   18 ......................      30      96     187
   19 ......................      16      71     160
   20 ......................      54      77     165
   21 ......................      38     127     161
   22 ......................       6      85     156
   23 ......................      60     103     176
   24 ......................      44      73     186
   25 ......................       4      99     192
   26 ......................      39     119     159
   27 ......................      63     125     158
   28 ......................      26     109     134
   29 ......................      37      68     189
   30 ......................      14     105     166
   31 ......................       1      72     150
   32 ......................      48      86     167
   33 ......................       2      93     164
   34 ......................      25      66     138
   35 ......................      24      94     146
   36 ......................      51     110     139
   37 ......................      42      69     170
   38 ......................      53      67     136
   39 ......................      61     111     188
   40 ......................      12      90     171
   41 ......................      34      78     174
   42 ......................      46     100     183
   43 ......................       9     102     130
   44 ......................      22      79     132
   45 ......................      47     114     140
   46 ......................      64      80     147
   47 ......................      59      87     143
   48 ......................      36      92     142
   49 ......................       3      74     184
   50 ......................      11      82     152
   51 ......................      56      89     178
   52 ......................      33     104     149
   53 ......................      43     124     129
   54 ......................       8     107     175
   55 ......................      58      95     135
   56 ......................      50      97     155
   57 ......................      19      88     169
   58 ......................      35      81     133
   59 ......................      29      84     181
   60 ......................      55     120     148
   61 ......................      40     112     179
   62 ......................       5     116     131
   63 ......................      15     126     182
   64 ......................      31     101     163
