 FIELD PLAN FOR RANDOMIZED BLOCK DESIGN,  20 TRTS,  3 REPS  FILE RCBD.DGN   11/ 3/15 14:12
 ------------------------------------------------------------------------------ :PAGE   1
 TRIAL DESCRIPTION: RCBD                                                                    
 TRIAL NUMBER:  1                     SITE.........................        RANDOM SEED  645722


 REP   1 (CELLS CONTAIN PLOT NUMBERS ON TOP, TREATMENTS BELOW)
 COL   1|  2|  3|  4|  5|  6|  7|  8|  9| 10|
 ROW ---|---|---|---|---|---|---|---|---|---|
    |  1|  2|  3|  4|  5|  6|  7|  8|  9| 10|
   1| 10| 20| 14|  4|  1|  3|  7|  5|  6| 13|
    |---|---|---|---|---|---|---|---|---|---|
    | 11| 12| 13| 14| 15| 16| 17| 18| 19| 20|
   2| 16|  8| 15| 11| 12| 19|  9| 18| 17|  2|
    |---|---|---|---|---|---|---|---|---|---|

 REP   2 (CELLS CONTAIN PLOT NUMBERS ON TOP, TREATMENTS BELOW)
 COL   1|  2|  3|  4|  5|  6|  7|  8|  9| 10|
 ROW ---|---|---|---|---|---|---|---|---|---|
    | 21| 22| 23| 24| 25| 26| 27| 28| 29| 30|
   1|  4| 19|  7| 14| 15| 16| 18|  1| 13|  2|
    |---|---|---|---|---|---|---|---|---|---|
    | 31| 32| 33| 34| 35| 36| 37| 38| 39| 40|
   2| 12| 20| 10|  8|  9|  6|  3|  5| 17| 11|
    |---|---|---|---|---|---|---|---|---|---|

 REP   3 (CELLS CONTAIN PLOT NUMBERS ON TOP, TREATMENTS BELOW)
 COL   1|  2|  3|  4|  5|  6|  7|  8|  9| 10|
 ROW ---|---|---|---|---|---|---|---|---|---|
    | 41| 42| 43| 44| 45| 46| 47| 48| 49| 50|
   1|  1|  3|  4| 18| 14|  2| 15| 11| 19|  9|
    |---|---|---|---|---|---|---|---|---|---|
    | 51| 52| 53| 54| 55| 56| 57| 58| 59| 60|
   2| 10| 17| 16| 20|  7| 12|  6|  8|  5| 13|
    |---|---|---|---|---|---|---|---|---|---|
TREATMENT KEY FOR RANDOMIZED BLOCK DESIGN,  20 TRTS,  3 REPS  FILE RCBD.DGN   11/ 3/15 14:12
 --------------------------------------------------------------------------------- :PAGE   2
 TRIAL DESCRIPTION: RCBD                                                                    
 TRIAL NUMBER:  1                     SITE.........................        RANDOM SEED  645722


                                REP 1   REP 2   REP 3
  TRT                           PLOT    PLOT    PLOT   
    1 ......................       5      28      41
    2 ......................      20      30      46
    3 ......................       6      37      42
    4 ......................       4      21      43
    5 ......................       8      38      59
    6 ......................       9      36      57
    7 ......................       7      23      55
    8 ......................      12      34      58
    9 ......................      17      35      50
   10 ......................       1      33      51
   11 ......................      14      40      48
   12 ......................      15      31      56
   13 ......................      10      29      60
   14 ......................       3      24      45
   15 ......................      13      25      47
   16 ......................      11      26      53
   17 ......................      19      39      52
   18 ......................      18      27      44
   19 ......................      16      22      49
   20 ......................       2      32      54
FIELD PLAN FOR RANDOMIZED BLOCK DESIGN,  20 TRTS,  3 REPS  FILE RCBD.DGN   11/ 3/15 14:12
 ------------------------------------------------------------------------------ :PAGE   3
 TRIAL DESCRIPTION: RCBD                                                                    
 TRIAL NUMBER:  2                     SITE.........................        RANDOM SEED  645722


 REP   1 (CELLS CONTAIN PLOT NUMBERS ON TOP, TREATMENTS BELOW)
 COL   1|  2|  3|  4|  5|  6|  7|  8|  9| 10|
 ROW ---|---|---|---|---|---|---|---|---|---|
    |  1|  2|  3|  4|  5|  6|  7|  8|  9| 10|
   1| 12| 14| 15|  6| 18|  1|  5| 11| 10|  3|
    |---|---|---|---|---|---|---|---|---|---|
    | 11| 12| 13| 14| 15| 16| 17| 18| 19| 20|
   2|  4|  8| 17| 16|  2| 20|  7| 19| 13|  9|
    |---|---|---|---|---|---|---|---|---|---|

 REP   2 (CELLS CONTAIN PLOT NUMBERS ON TOP, TREATMENTS BELOW)
 COL   1|  2|  3|  4|  5|  6|  7|  8|  9| 10|
 ROW ---|---|---|---|---|---|---|---|---|---|
    | 21| 22| 23| 24| 25| 26| 27| 28| 29| 30|
   1| 19| 15|  6| 16| 13| 11|  9|  8|  5| 12|
    |---|---|---|---|---|---|---|---|---|---|
    | 31| 32| 33| 34| 35| 36| 37| 38| 39| 40|
   2| 17|  4| 18|  2|  3| 14|  1| 20|  7| 10|
    |---|---|---|---|---|---|---|---|---|---|

 REP   3 (CELLS CONTAIN PLOT NUMBERS ON TOP, TREATMENTS BELOW)
 COL   1|  2|  3|  4|  5|  6|  7|  8|  9| 10|
 ROW ---|---|---|---|---|---|---|---|---|---|
    | 41| 42| 43| 44| 45| 46| 47| 48| 49| 50|
   1|  6| 20| 14|  7|  3|  4|  9| 11| 10|  1|
    |---|---|---|---|---|---|---|---|---|---|
    | 51| 52| 53| 54| 55| 56| 57| 58| 59| 60|
   2| 13| 18|  5| 16| 15|  8|  2| 17| 12| 19|
    |---|---|---|---|---|---|---|---|---|---|
TREATMENT KEY FOR RANDOMIZED BLOCK DESIGN,  20 TRTS,  3 REPS  FILE RCBD.DGN   11/ 3/15 14:12
 --------------------------------------------------------------------------------- :PAGE   4
 TRIAL DESCRIPTION: RCBD                                                                    
 TRIAL NUMBER:  2                     SITE.........................        RANDOM SEED  645722


                                REP 1   REP 2   REP 3
  TRT                           PLOT    PLOT    PLOT   
    1 ......................       6      37      50
    2 ......................      15      34      57
    3 ......................      10      35      45
    4 ......................      11      32      46
    5 ......................       7      29      53
    6 ......................       4      23      41
    7 ......................      17      39      44
    8 ......................      12      28      56
    9 ......................      20      27      47
   10 ......................       9      40      49
   11 ......................       8      26      48
   12 ......................       1      30      59
   13 ......................      19      25      51
   14 ......................       2      36      43
   15 ......................       3      22      55
   16 ......................      14      24      54
   17 ......................      13      31      58
   18 ......................       5      33      52
   19 ......................      18      21      60
   20 ......................      16      38      42
FIELD PLAN FOR RANDOMIZED BLOCK DESIGN,  20 TRTS,  3 REPS  FILE RCBD.DGN   11/ 3/15 14:12
 ------------------------------------------------------------------------------ :PAGE   5
 TRIAL DESCRIPTION: RCBD                                                                    
 TRIAL NUMBER:  3                     SITE.........................        RANDOM SEED  645722


 REP   1 (CELLS CONTAIN PLOT NUMBERS ON TOP, TREATMENTS BELOW)
 COL   1|  2|  3|  4|  5|  6|  7|  8|  9| 10|
 ROW ---|---|---|---|---|---|---|---|---|---|
    |  1|  2|  3|  4|  5|  6|  7|  8|  9| 10|
   1|  1| 17| 15| 20|  9|  3|  5| 13|  2| 14|
    |---|---|---|---|---|---|---|---|---|---|
    | 11| 12| 13| 14| 15| 16| 17| 18| 19| 20|
   2|  4| 11| 18|  7| 12| 16|  6|  8| 10| 19|
    |---|---|---|---|---|---|---|---|---|---|

 REP   2 (CELLS CONTAIN PLOT NUMBERS ON TOP, TREATMENTS BELOW)
 COL   1|  2|  3|  4|  5|  6|  7|  8|  9| 10|
 ROW ---|---|---|---|---|---|---|---|---|---|
    | 21| 22| 23| 24| 25| 26| 27| 28| 29| 30|
   1| 11| 19| 10| 18|  3|  4| 13| 17|  7|  8|
    |---|---|---|---|---|---|---|---|---|---|
    | 31| 32| 33| 34| 35| 36| 37| 38| 39| 40|
   2|  9|  6|  2| 12| 16| 20| 14| 15|  1|  5|
    |---|---|---|---|---|---|---|---|---|---|

 REP   3 (CELLS CONTAIN PLOT NUMBERS ON TOP, TREATMENTS BELOW)
 COL   1|  2|  3|  4|  5|  6|  7|  8|  9| 10|
 ROW ---|---|---|---|---|---|---|---|---|---|
    | 41| 42| 43| 44| 45| 46| 47| 48| 49| 50|
   1|  9|  7| 20| 13|  1|  5|  3|  4|  2|  8|
    |---|---|---|---|---|---|---|---|---|---|
    | 51| 52| 53| 54| 55| 56| 57| 58| 59| 60|
   2|  6| 15| 19| 11| 17| 14| 16| 10| 12| 18|
    |---|---|---|---|---|---|---|---|---|---|
TREATMENT KEY FOR RANDOMIZED BLOCK DESIGN,  20 TRTS,  3 REPS  FILE RCBD.DGN   11/ 3/15 14:12
 --------------------------------------------------------------------------------- :PAGE   6
 TRIAL DESCRIPTION: RCBD                                                                    
 TRIAL NUMBER:  3                     SITE.........................        RANDOM SEED  645722


                                REP 1   REP 2   REP 3
  TRT                           PLOT    PLOT    PLOT   
    1 ......................       1      39      45
    2 ......................       9      33      49
    3 ......................       6      25      47
    4 ......................      11      26      48
    5 ......................       7      40      46
    6 ......................      17      32      51
    7 ......................      14      29      42
    8 ......................      18      30      50
    9 ......................       5      31      41
   10 ......................      19      23      58
   11 ......................      12      21      54
   12 ......................      15      34      59
   13 ......................       8      27      44
   14 ......................      10      37      56
   15 ......................       3      38      52
   16 ......................      16      35      57
   17 ......................       2      28      55
   18 ......................      13      24      60
   19 ......................      20      22      53
   20 ......................       4      36      43
